
Bad key "text.kerning_factor" on line 4 in
/opt/python3/lib/python3.7/site-packages/matplotlib/mpl-data/stylelib/_classic_test_patch.mplstyle.
You probably need to get an updated matplotlibrc file from
http://github.com/matplotlib/matplotlib/blob/master/matplotlibrc.template
or from the matplotlib source distribution
2020-06-30 12:54:12,366 [MainThread  ] [INFO ]  Downloading 1593521626768-Frigg 0.1.0.xlsx...
2020-06-30 12:54:12,441 [MainThread  ] [INFO ]  Downloaded file /work/1593521626768-Frigg 0.1.0.xlsx (size: 5990 bytes)!
2020-06-30 12:54:12,441 [MainThread  ] [INFO ]  Downloaded file /work/1593521626768-Frigg 0.1.0.xlsx (size: 5990 bytes)!
2020-06-30 12:54:12,441 [MainThread  ] [INFO ]  Start processing for /work/1593521626768-Frigg 0.1.0.xlsx...
2020-06-30 12:54:12,478 [MainThread  ] [INFO ]  Reading file `/work/1593521626768-Frigg 0.1.0.xlsx`
2020-06-30 12:54:12,556 [MainThread  ] [INFO ]  Importing import_timeseries.applications.openentrance.workflow
2020-06-30 12:54:15,355 [MainThread  ] [INFO ]  Starting openENTRANCE timeseries-upload processing workflow...
2020-06-30 12:54:17,732  INFO at.ac.iiasa.ixmp.Platform:140 - Welcome to the IX modeling platform!
2020-06-30 12:54:17,739  INFO at.ac.iiasa.ixmp.Platform:141 -  connected to database 'jdbc:oracle:thin:@gp3.iiasa.ac.at:1521:GP3' (user: ixmp_openentrance)...
2020-06-30 12:54:19,594 [MainThread  ] [INFO ]  Process scenario "DKFlex" model "Frigg 0.1.0"...
Missing annotation for new Scenario Frigg 0.1.0/DKFlex
2020-06-30 12:54:19,594 [MainThread  ] [WARNI]  Missing annotation for new Scenario Frigg 0.1.0/DKFlex
2020-06-30 12:54:19,597 [MainThread  ] [INFO ]  Create new scenario version...
2020-06-30 12:54:19,791 [MainThread  ] [INFO ]  Updating meta...
2020-06-30 12:54:19,791 [MainThread  ] [INFO ]  Meta sheet is empty. Skipping updating scenario meta...
2020-06-30 12:54:19,791 [MainThread  ] [INFO ]  1 scenario uploaded to the openentrance database
2020-06-30 12:54:19,805 [MainThread  ] [INFO ]  Cleaning up caches...
2020-06-30 12:54:19,837 [MainThread  ] [INFO ]  Job processing finished!
